# JRE version: Java(TM) SE Runtime Environment (8.0_45-b14) (build 1.8.0_45-b14)
# Java VM: Java HotSpot(TM) 64-Bit Server VM (25.45-b02 mixed mode windows-amd64 compressed oops)
Heap:
 PSYoungGen      total 299520K, used 54604K [0x00000000d5f80000, 0x00000000ea280000, 0x0000000100000000)
  eden space 287744K, 16% used [0x00000000d5f80000,0x00000000d8cf3a70,0x00000000e7880000)
  from space 11776K, 68% used [0x00000000e9700000,0x00000000e9edf7e8,0x00000000ea280000)
  to   space 21504K, 0% used [0x00000000e7880000,0x00000000e7880000,0x00000000e8d80000)
 ParOldGen       total 91648K, used 32553K [0x0000000081e00000, 0x0000000087780000, 0x00000000d5f80000)
  object space 91648K, 35% used [0x0000000081e00000,0x0000000083dca5d0,0x0000000087780000)
 Metaspace       used 50587K, capacity 53344K, committed 53632K, reserved 1095680K
  class space    used 6973K, capacity 7473K, committed 7552K, reserved 1048576K
GC Heap History (10 events):
Event: 7.410 GC heap before
{Heap before GC invocations=10 (full 1):
 PSYoungGen      total 172032K, used 172024K [0x00000000d5f80000, 0x00000000e3e00000, 0x0000000100000000)
  eden space 159744K, 100% used [0x00000000d5f80000,0x00000000dfb80000,0x00000000dfb80000)
  from space 12288K, 99% used [0x00000000e0b80000,0x00000000e177e3c0,0x00000000e1780000)
  to   space 16384K, 0% used [0x00000000dfb80000,0x00000000dfb80000,0x00000000e0b80000)
 ParOldGen       total 57344K, used 15145K [0x0000000081e00000, 0x0000000085600000, 0x00000000d5f80000)
  object space 57344K, 26% used [0x0000000081e00000,0x0000000082cca478,0x0000000085600000)
 Metaspace       used 32852K, capacity 34498K, committed 34560K, reserved 1079296K
  class space    used 4525K, capacity 4850K, committed 4864K, reserved 1048576K
Event: 7.436 GC heap after
Heap after GC invocations=10 (full 1):
 PSYoungGen      total 176128K, used 16360K [0x00000000d5f80000, 0x00000000e5400000, 0x0000000100000000)
  eden space 159744K, 0% used [0x00000000d5f80000,0x00000000d5f80000,0x00000000dfb80000)
  from space 16384K, 99% used [0x00000000dfb80000,0x00000000e0b7a1a8,0x00000000e0b80000)
  to   space 19968K, 0% used [0x00000000e4080000,0x00000000e4080000,0x00000000e5400000)
 ParOldGen       total 57344K, used 17588K [0x0000000081e00000, 0x0000000085600000, 0x00000000d5f80000)
  object space 57344K, 30% used [0x0000000081e00000,0x0000000082f2d358,0x0000000085600000)
 Metaspace       used 32852K, capacity 34498K, committed 34560K, reserved 1079296K
  class space    used 4525K, capacity 4850K, committed 4864K, reserved 1048576K
}
Event: 7.533 GC heap before
{Heap before GC invocations=11 (full 1):
 PSYoungGen      total 176128K, used 28507K [0x00000000d5f80000, 0x00000000e5400000, 0x0000000100000000)
  eden space 159744K, 7% used [0x00000000d5f80000,0x00000000d6b5cc18,0x00000000dfb80000)
  from space 16384K, 99% used [0x00000000dfb80000,0x00000000e0b7a1a8,0x00000000e0b80000)
  to   space 19968K, 0% used [0x00000000e4080000,0x00000000e4080000,0x00000000e5400000)
 ParOldGen       total 57344K, used 17588K [0x0000000081e00000, 0x0000000085600000, 0x00000000d5f80000)
  object space 57344K, 30% used [0x0000000081e00000,0x0000000082f2d358,0x0000000085600000)
 Metaspace       used 33666K, capacity 35366K, committed 35456K, reserved 1079296K
  class space    used 4611K, capacity 4960K, committed 4992K, reserved 1048576K
Event: 7.554 GC heap after
Heap after GC invocations=11 (full 1):
 PSYoungGen      total 230912K, used 5556K [0x00000000d5f80000, 0x00000000e6b80000, 0x0000000100000000)
  eden space 210944K, 0% used [0x00000000d5f80000,0x00000000d5f80000,0x00000000e2d80000)
  from space 19968K, 27% used [0x00000000e4080000,0x00000000e45ed190,0x00000000e5400000)
  to   space 19456K, 0% used [0x00000000e2d80000,0x00000000e2d80000,0x00000000e4080000)
 ParOldGen       total 57344K, used 27913K [0x0000000081e00000, 0x0000000085600000, 0x00000000d5f80000)
  object space 57344K, 48% used [0x0000000081e00000,0x00000000839424f0,0x0000000085600000)
 Metaspace       used 33666K, capacity 35366K, committed 35456K, reserved 1079296K
  class space    used 4611K, capacity 4960K, committed 4992K, reserved 1048576K
}
Event: 7.554 GC heap before
{Heap before GC invocations=12 (full 2):
 PSYoungGen      total 230912K, used 5556K [0x00000000d5f80000, 0x00000000e6b80000, 0x0000000100000000)
  eden space 210944K, 0% used [0x00000000d5f80000,0x00000000d5f80000,0x00000000e2d80000)
  from space 19968K, 27% used [0x00000000e4080000,0x00000000e45ed190,0x00000000e5400000)
  to   space 19456K, 0% used [0x00000000e2d80000,0x00000000e2d80000,0x00000000e4080000)
 ParOldGen       total 57344K, used 27913K [0x0000000081e00000, 0x0000000085600000, 0x00000000d5f80000)
  object space 57344K, 48% used [0x0000000081e00000,0x00000000839424f0,0x0000000085600000)
 Metaspace       used 33666K, capacity 35366K, committed 35456K, reserved 1079296K
  class space    used 4611K, capacity 4960K, committed 4992K, reserved 1048576K
Event: 7.697 GC heap after
Heap after GC invocations=12 (full 2):
 PSYoungGen      total 230912K, used 0K [0x00000000d5f80000, 0x00000000e6b80000, 0x0000000100000000)
  eden space 210944K, 0% used [0x00000000d5f80000,0x00000000d5f80000,0x00000000e2d80000)
  from space 19968K, 0% used [0x00000000e4080000,0x00000000e4080000,0x00000000e5400000)
  to   space 19456K, 0% used [0x00000000e2d80000,0x00000000e2d80000,0x00000000e4080000)
 ParOldGen       total 91648K, used 24097K [0x0000000081e00000, 0x0000000087780000, 0x00000000d5f80000)
  object space 91648K, 26% used [0x0000000081e00000,0x0000000083588458,0x0000000087780000)
 Metaspace       used 33666K, capacity 35366K, committed 35456K, reserved 1079296K
  class space    used 4611K, capacity 4960K, committed 4992K, reserved 1048576K
}
Event: 10.514 GC heap before
{Heap before GC invocations=13 (full 2):
 PSYoungGen      total 230912K, used 210944K [0x00000000d5f80000, 0x00000000e6b80000, 0x0000000100000000)
  eden space 210944K, 100% used [0x00000000d5f80000,0x00000000e2d80000,0x00000000e2d80000)
  from space 19968K, 0% used [0x00000000e4080000,0x00000000e4080000,0x00000000e5400000)
  to   space 19456K, 0% used [0x00000000e2d80000,0x00000000e2d80000,0x00000000e4080000)
 ParOldGen       total 91648K, used 24097K [0x0000000081e00000, 0x0000000087780000, 0x00000000d5f80000)
  object space 91648K, 26% used [0x0000000081e00000,0x0000000083588458,0x0000000087780000)
 Metaspace       used 45999K, capacity 48196K, committed 48256K, reserved 1091584K
  class space    used 6329K, capacity 6751K, committed 6784K, reserved 1048576K
Event: 10.539 GC heap after
Heap after GC invocations=13 (full 2):
 PSYoungGen      total 230400K, used 19239K [0x00000000d5f80000, 0x00000000ead00000, 0x0000000100000000)
  eden space 210944K, 0% used [0x00000000d5f80000,0x00000000d5f80000,0x00000000e2d80000)
  from space 19456K, 98% used [0x00000000e2d80000,0x00000000e4049fe8,0x00000000e4080000)
  to   space 22528K, 0% used [0x00000000e9700000,0x00000000e9700000,0x00000000ead00000)
 ParOldGen       total 91648K, used 24105K [0x0000000081e00000, 0x0000000087780000, 0x00000000d5f80000)
  object space 91648K, 26% used [0x0000000081e00000,0x000000008358a458,0x0000000087780000)
 Metaspace       used 45999K, capacity 48196K, committed 48256K, reserved 1091584K
  class space    used 6329K, capacity 6751K, committed 6784K, reserved 1048576K
}
Event: 2567.286 GC heap before
{Heap before GC invocations=14 (full 2):
 PSYoungGen      total 230400K, used 230183K [0x00000000d5f80000, 0x00000000ead00000, 0x0000000100000000)
  eden space 210944K, 100% used [0x00000000d5f80000,0x00000000e2d80000,0x00000000e2d80000)
  from space 19456K, 98% used [0x00000000e2d80000,0x00000000e4049fe8,0x00000000e4080000)
  to   space 22528K, 0% used [0x00000000e9700000,0x00000000e9700000,0x00000000ead00000)
 ParOldGen       total 91648K, used 24105K [0x0000000081e00000, 0x0000000087780000, 0x00000000d5f80000)
  object space 91648K, 26% used [0x0000000081e00000,0x000000008358a458,0x0000000087780000)
 Metaspace       used 50487K, capacity 53230K, committed 53376K, reserved 1095680K
  class space    used 6959K, capacity 7464K, committed 7552K, reserved 1048576K
Event: 2567.335 GC heap after
Heap after GC invocations=14 (full 2):
 PSYoungGen      total 299520K, used 8061K [0x00000000d5f80000, 0x00000000ea280000, 0x0000000100000000)
  eden space 287744K, 0% used [0x00000000d5f80000,0x00000000d5f80000,0x00000000e7880000)
  from space 11776K, 68% used [0x00000000e9700000,0x00000000e9edf7e8,0x00000000ea280000)
  to   space 21504K, 0% used [0x00000000e7880000,0x00000000e7880000,0x00000000e8d80000)
 ParOldGen       total 91648K, used 32553K [0x0000000081e00000, 0x0000000087780000, 0x00000000d5f80000)
  object space 91648K, 35% used [0x0000000081e00000,0x0000000083dca5d0,0x0000000087780000)
 Metaspace       used 50487K, capacity 53230K, committed 53376K, reserved 1095680K
  class space    used 6959K, capacity 7464K, committed 7552K, reserved 1048576K
}

